<?xml version="1.0" encoding="UTF-8"?>
<testng-results ignored="0" total="7" passed="6" failed="1" skipped="0">
  <reporter-output>
  </reporter-output>
  <suite started-at="2023-02-08T21:03:56 IST" name="Suite" finished-at="2023-02-08T21:03:56 IST" duration-ms="119">
    <groups>
    </groups>
    <test started-at="2023-02-08T21:03:56 IST" name="Test1" finished-at="2023-02-08T21:03:56 IST" duration-ms="56">
      <class name="TestNg.Test1">
        <test-method signature="test11(java.lang.String)[pri:0, instance:TestNg.Test1@14555e0a]" started-at="2023-02-08T21:03:56 IST" name="test11" finished-at="2023-02-08T21:03:56 IST" duration-ms="4" status="PASS">
          <params>
            <param index="0">
              <value>
                <![CDATA[http://google.com]]>
              </value>
            </param>
          </params>
          <reporter-output>
          </reporter-output>
        </test-method> <!-- test11 -->
        <test-method signature="test12()[pri:0, instance:TestNg.Test1@14555e0a]" started-at="2023-02-08T21:03:56 IST" name="test12" finished-at="2023-02-08T21:03:56 IST" duration-ms="1" status="PASS">
          <reporter-output>
          </reporter-output>
        </test-method> <!-- test12 -->
        <test-method signature="test13()[pri:0, instance:TestNg.Test1@14555e0a]" started-at="2023-02-08T21:03:56 IST" name="test13" finished-at="2023-02-08T21:03:56 IST" duration-ms="3" status="PASS">
          <reporter-output>
          </reporter-output>
        </test-method> <!-- test13 -->
      </class> <!-- TestNg.Test1 -->
      <class name="TestNg.Test2">
        <test-method is-config="true" signature="Beforeclass()[pri:0, instance:TestNg.Test2@4d5b6aac]" started-at="2023-02-08T21:03:56 IST" name="Beforeclass" finished-at="2023-02-08T21:03:56 IST" duration-ms="0" status="PASS">
          <reporter-output>
          </reporter-output>
        </test-method> <!-- Beforeclass -->
        <test-method is-config="true" signature="Beforemethod()[pri:0, instance:TestNg.Test2@4d5b6aac]" started-at="2023-02-08T21:03:56 IST" name="Beforemethod" finished-at="2023-02-08T21:03:56 IST" duration-ms="0" status="PASS">
          <reporter-output>
          </reporter-output>
        </test-method> <!-- Beforemethod -->
        <test-method signature="test21()[pri:0, instance:TestNg.Test2@4d5b6aac]" started-at="2023-02-08T21:03:56 IST" name="test21" finished-at="2023-02-08T21:03:56 IST" duration-ms="2" status="FAIL">
          <exception class="java.lang.AssertionError">
            <message>
              <![CDATA[expected [true] but found [false]]]>
            </message>
            <full-stacktrace>
              <![CDATA[java.lang.AssertionError: expected [true] but found [false]
at org.testng.Assert.fail(Assert.java:99)
at org.testng.Assert.failNotEquals(Assert.java:1037)
at org.testng.Assert.assertTrue(Assert.java:45)
at org.testng.Assert.assertTrue(Assert.java:55)
at TestNg.Test2.test21(Test2.java:16)
at java.base/jdk.internal.reflect.NativeMethodAccessorImpl.invoke0(Native Method)
at java.base/jdk.internal.reflect.NativeMethodAccessorImpl.invoke(NativeMethodAccessorImpl.java:78)
at java.base/jdk.internal.reflect.DelegatingMethodAccessorImpl.invoke(DelegatingMethodAccessorImpl.java:43)
at java.base/java.lang.reflect.Method.invoke(Method.java:567)
at org.testng.internal.MethodInvocationHelper.invokeMethod(MethodInvocationHelper.java:133)
at org.testng.internal.TestInvoker.invokeMethod(TestInvoker.java:598)
at org.testng.internal.TestInvoker.invokeTestMethod(TestInvoker.java:173)
at org.testng.internal.MethodRunner.runInSequence(MethodRunner.java:46)
at org.testng.internal.TestInvoker$MethodInvocationAgent.invoke(TestInvoker.java:824)
at org.testng.internal.TestInvoker.invokeTestMethods(TestInvoker.java:146)
at org.testng.internal.TestMethodWorker.invokeTestMethods(TestMethodWorker.java:146)
at org.testng.internal.TestMethodWorker.run(TestMethodWorker.java:128)
at java.base/java.util.ArrayList.forEach(ArrayList.java:1511)
at org.testng.TestRunner.privateRun(TestRunner.java:794)
at org.testng.TestRunner.run(TestRunner.java:596)
at org.testng.SuiteRunner.runTest(SuiteRunner.java:377)
at org.testng.SuiteRunner.runSequentially(SuiteRunner.java:371)
at org.testng.SuiteRunner.privateRun(SuiteRunner.java:332)
at org.testng.SuiteRunner.run(SuiteRunner.java:276)
at org.testng.SuiteRunnerWorker.runSuite(SuiteRunnerWorker.java:53)
at org.testng.SuiteRunnerWorker.run(SuiteRunnerWorker.java:96)
at org.testng.TestNG.runSuitesSequentially(TestNG.java:1212)
at org.testng.TestNG.runSuitesLocally(TestNG.java:1134)
at org.testng.TestNG.runSuites(TestNG.java:1063)
at org.testng.TestNG.run(TestNG.java:1031)
at org.testng.remote.AbstractRemoteTestNG.run(AbstractRemoteTestNG.java:115)
at org.testng.remote.RemoteTestNG.initAndRun(RemoteTestNG.java:251)
at org.testng.remote.RemoteTestNG.main(RemoteTestNG.java:77)
]]>
            </full-stacktrace>
          </exception> <!-- java.lang.AssertionError -->
          <reporter-output>
          </reporter-output>
        </test-method> <!-- test21 -->
        <test-method signature="test22(java.lang.String)[pri:0, instance:TestNg.Test2@4d5b6aac]" started-at="2023-02-08T21:03:56 IST" name="test22" finished-at="2023-02-08T21:03:56 IST" duration-ms="1" status="PASS">
          <params>
            <param index="0">
              <value>
                <![CDATA[http://google.com]]>
              </value>
            </param>
          </params>
          <reporter-output>
          </reporter-output>
        </test-method> <!-- test22 -->
        <test-method is-config="true" signature="Beforemethod()[pri:0, instance:TestNg.Test2@4d5b6aac]" started-at="2023-02-08T21:03:56 IST" name="Beforemethod" finished-at="2023-02-08T21:03:56 IST" duration-ms="0" status="PASS">
          <reporter-output>
          </reporter-output>
        </test-method> <!-- Beforemethod -->
        <test-method is-config="true" signature="Beforemethod()[pri:0, instance:TestNg.Test2@4d5b6aac]" started-at="2023-02-08T21:03:56 IST" name="Beforemethod" finished-at="2023-02-08T21:03:56 IST" duration-ms="1" status="PASS">
          <reporter-output>
          </reporter-output>
        </test-method> <!-- Beforemethod -->
        <test-method signature="test23()[pri:0, instance:TestNg.Test2@4d5b6aac]" started-at="2023-02-08T21:03:56 IST" name="test23" finished-at="2023-02-08T21:03:56 IST" duration-ms="1" status="PASS">
          <reporter-output>
          </reporter-output>
        </test-method> <!-- test23 -->
        <test-method is-config="true" signature="Afterclass()[pri:0, instance:TestNg.Test2@4d5b6aac]" started-at="2023-02-08T21:03:56 IST" name="Afterclass" finished-at="2023-02-08T21:03:56 IST" duration-ms="0" status="PASS">
          <reporter-output>
          </reporter-output>
        </test-method> <!-- Afterclass -->
      </class> <!-- TestNg.Test2 -->
    </test> <!-- Test1 -->
    <test started-at="2023-02-08T21:03:56 IST" name="test2" finished-at="2023-02-08T21:03:56 IST" duration-ms="5">
      <class name="TestNg.Test1">
        <test-method is-config="true" signature="Beforesuite1()[pri:0, instance:TestNg.Test1@14555e0a]" started-at="2023-02-08T21:03:56 IST" name="Beforesuite1" finished-at="2023-02-08T21:03:56 IST" duration-ms="7" status="PASS">
          <reporter-output>
          </reporter-output>
        </test-method> <!-- Beforesuite1 -->
        <test-method is-config="true" signature="Aftersuite1()[pri:0, instance:TestNg.Test1@14555e0a]" started-at="2023-02-08T21:03:56 IST" name="Aftersuite1" finished-at="2023-02-08T21:03:56 IST" duration-ms="0" status="PASS">
          <reporter-output>
          </reporter-output>
        </test-method> <!-- Aftersuite1 -->
      </class> <!-- TestNg.Test1 -->
      <class name="TestNg.Test3">
        <test-method is-config="true" signature="beforetest()[pri:0, instance:TestNg.Test3@66d3eec0]" started-at="2023-02-08T21:03:56 IST" name="beforetest" finished-at="2023-02-08T21:03:56 IST" duration-ms="1" status="PASS">
          <reporter-output>
          </reporter-output>
        </test-method> <!-- beforetest -->
        <test-method signature="test31(java.lang.String)[pri:0, instance:TestNg.Test3@66d3eec0]" started-at="2023-02-08T21:03:56 IST" name="test31" finished-at="2023-02-08T21:03:56 IST" duration-ms="1" status="PASS">
          <params>
            <param index="0">
              <value>
                <![CDATA[http://google.com]]>
              </value>
            </param>
          </params>
          <reporter-output>
          </reporter-output>
        </test-method> <!-- test31 -->
      </class> <!-- TestNg.Test3 -->
    </test> <!-- test2 -->
  </suite> <!-- Suite -->
</testng-results>
